--------------- Build Started: 07/20/2022 14:56:11 Project: NSTIM, Configuration: ARM GCC 5.4-2016-q2-update Debug ---------------
The code generation step is up to date.
The compile step is up to date, no work needs to be done.
The link step is up to date, no work needs to be done.
arm-none-eabi-gcc.exe -mcpu=cortex-m4 -mfloat-abi=softfp -mfpu=fpv4-sp-d16 -mthumb -I. -IGenerated_Source\PSoC6 -IGenerated_Source\PSoC6\pdl\cmsis/include/ -IGenerated_Source\PSoC6\pdl\devices/psoc6/include/ -IGenerated_Source\PSoC6\pdl\devices/psoc6/include/ip/ -IGenerated_Source\PSoC6\pdl\drivers/peripheral/ -IGenerated_Source\PSoC6\pdl\drivers/peripheral/ctb/ -IGenerated_Source\PSoC6\pdl\drivers/peripheral/ctdac/ -IGenerated_Source\PSoC6\pdl\drivers/peripheral/device/ -IGenerated_Source\PSoC6\pdl\drivers/peripheral/efuse/ -IGenerated_Source\PSoC6\pdl\drivers/peripheral/flash/ -IGenerated_Source\PSoC6\pdl\drivers/peripheral/gpio/ -IGenerated_Source\PSoC6\pdl\drivers/peripheral/ipc/ -IGenerated_Source\PSoC6\pdl\drivers/peripheral/lvd/ -IGenerated_Source\PSoC6\pdl\drivers/peripheral/profile/ -IGenerated_Source\PSoC6\pdl\drivers/peripheral/prot/ -IGenerated_Source\PSoC6\pdl\drivers/peripheral/sar/ -IGenerated_Source\PSoC6\pdl\drivers/peripheral/scb/ -IGenerated_Source\PSoC6\pdl\drivers/peripheral/sysanalog/ -IGenerated_Source\PSoC6\pdl\drivers/peripheral/sysclk/ -IGenerated_Source\PSoC6\pdl\drivers/peripheral/sysint/ -IGenerated_Source\PSoC6\pdl\drivers/peripheral/syslib/ -IGenerated_Source\PSoC6\pdl\drivers/peripheral/syspm/ -IGenerated_Source\PSoC6\pdl\drivers/peripheral/systick/ -IGenerated_Source\PSoC6\pdl\drivers/peripheral/trigmux/ -IGenerated_Source\PSoC6\pdl\drivers/peripheral/wdt/ -IGenerated_Source\PSoC6\pdl\middleware/ -IGenerated_Source\PSoC6\pdl\rtos/FreeRTOS/10.0.1/Source/include/ -IGenerated_Source\PSoC6\pdl\rtos/FreeRTOS/10.0.1/Source/portable/GCC/CM4F/ -IGenerated_Source\PSoC6\pdl\utilities/ -Wa,-alh=.\CortexM4\ARM_GCC_541\Debug/main_cm4.lst -g -D DEBUG -D CY_CORE_ID=0 -D CY_PSOC_CREATOR_USED=1 -D CYBLE_416045_02 -Wall -ffunction-sections -ffat-lto-objects -Og -c main_cm4.c -o .\CortexM4\ARM_GCC_541\Debug\main_cm4.o
main_cm4.c: In function 'command_handler':
main_cm4.c:164:12: warning: format '%x' expects argument of type 'unsigned int', but argument 3 has type 'uint32_t {aka long unsigned int}' [-Wformat=]
     printf("Command 0x%x with param 0x%x\n", command, params);
            ^
main_cm4.c:164:12: warning: format '%x' expects argument of type 'unsigned int', but argument 3 has type 'uint32_t {aka long unsigned int}' [-Wformat=]
main_cm4.c:166:21: warning: format '%d' expects argument of type 'int', but argument 3 has type 'uint32_t {aka long unsigned int}' [-Wformat=]
     if (err) printf("Command 0x%x failed with status %d\n", command, err);
                     ^
main_cm4.c:166:21: warning: format '%d' expects argument of type 'int', but argument 3 has type 'uint32_t {aka long unsigned int}' [-Wformat=]
main_cm4.c: In function 'genericEventHandler':
main_cm4.c:172:12: warning: format '%x' expects argument of type 'unsigned int', but argument 2 has type 'uint32_t {aka long unsigned int}' [-Wformat=]
     printf("\nBLE Event handler, event 0x%x\n", event);
            ^
main_cm4.c:172:12: warning: format '%x' expects argument of type 'unsigned int', but argument 2 has type 'uint32_t {aka long unsigned int}' [-Wformat=]
main_cm4.c:203:20: warning: format '%u' expects argument of type 'unsigned int', but argument 2 has type 'uint32_t {aka long unsigned int}' [-Wformat=]
             printf("Param %u\n", param);
                    ^
main_cm4.c:203:20: warning: format '%u' expects argument of type 'unsigned int', but argument 2 has type 'uint32_t {aka long unsigned int}' [-Wformat=]
main_cm4.c: In function 'ac_print_state':
main_cm4.c:414:12: warning: format '%u' expects argument of type 'unsigned int', but argument 2 has type 'uint32_t {aka long unsigned int}' [-Wformat=]
     printf("ac_pulse_num: %u, ac_burst_num: %u, stim_state[0]: %u, stim_state[1]: %u, ac_phase[0]: %u, ac_phase[1]: %u, ac_phase[2]: %u, ac_phase[3]: %u, ac_v[0]: %u, ac_v[1]: %u, ac_v[2]: %u, ac_v[3]: %u\n", ac_pulse_num, ac_burst_num, stim_state[0], stim_state[1], ac_phase_timings[0], ac_phase_timings[1], ac_phase_timings[2], ac_phase_timings[3], ac_vdac_values[0], ac_vdac_values[1], ac_vdac_values[2], ac_vdac_values[3]);
            ^
main_cm4.c:414:12: warning: format '%u' expects argument of type 'unsigned int', but argument 3 has type 'uint32_t {aka long unsigned int}' [-Wformat=]
main_cm4.c:414:12: warning: format '%u' expects argument of type 'unsigned int', but argument 6 has type 'uint32_t {aka long unsigned int}' [-Wformat=]
main_cm4.c:414:12: warning: format '%u' expects argument of type 'unsigned int', but argument 7 has type 'uint32_t {aka long unsigned int}' [-Wformat=]
main_cm4.c:414:12: warning: format '%u' expects argument of type 'unsigned int', but argument 8 has type 'uint32_t {aka long unsigned int}' [-Wformat=]
main_cm4.c:414:12: warning: format '%u' expects argument of type 'unsigned int', but argument 9 has type 'uint32_t {aka long unsigned int}' [-Wformat=]
main_cm4.c:414:12: warning: format '%u' expects argument of type 'unsigned int', but argument 2 has type 'uint32_t {aka long unsigned int}' [-Wformat=]
main_cm4.c:414:12: warning: format '%u' expects argument of type 'unsigned int', but argument 3 has type 'uint32_t {aka long unsigned int}' [-Wformat=]
main_cm4.c:414:12: warning: format '%u' expects argument of type 'unsigned int', but argument 6 has type 'uint32_t {aka long unsigned int}' [-Wformat=]
main_cm4.c:414:12: warning: format '%u' expects argument of type 'unsigned int', but argument 7 has type 'uint32_t {aka long unsigned int}' [-Wformat=]
main_cm4.c:414:12: warning: format '%u' expects argument of type 'unsigned int', but argument 8 has type 'uint32_t {aka long unsigned int}' [-Wformat=]
main_cm4.c:414:12: warning: format '%u' expects argument of type 'unsigned int', but argument 9 has type 'uint32_t {aka long unsigned int}' [-Wformat=]
main_cm4.c: In function 'dc_print_state':
main_cm4.c:418:12: warning: format '%u' expects argument of type 'unsigned int', but argument 2 has type 'uint32_t {aka long unsigned int}' [-Wformat=]
     printf("Ramp up time: %u, ramp down time: %u, hold time: %u, dc_vdac_target: %u, dc_base: %u, dc_ramp: %lf\n", dc_phase_timings[1], dc_phase_timings[3], dc_phase_timings[2], dc_vdac_target, dc_vdac_base, dc_slope);
            ^
main_cm4.c:418:12: warning: format '%u' expects argument of type 'unsigned int', but argument 3 has type 'uint32_t {aka long unsigned int}' [-Wformat=]
main_cm4.c:418:12: warning: format '%u' expects argument of type 'unsigned int', but argument 4 has type 'uint32_t {aka long unsigned int}' [-Wformat=]
main_cm4.c:418:12: warning: format '%u' expects argument of type 'unsigned int', but argument 5 has type 'uint32_t {aka long unsigned int}' [-Wformat=]
main_cm4.c:418:12: warning: format '%u' expects argument of type 'unsigned int', but argument 6 has type 'uint32_t {aka long unsigned int}' [-Wformat=]
main_cm4.c:418:12: warning: format '%u' expects argument of type 'unsigned int', but argument 2 has type 'uint32_t {aka long unsigned int}' [-Wformat=]
main_cm4.c:418:12: warning: format '%u' expects argument of type 'unsigned int', but argument 3 has type 'uint32_t {aka long unsigned int}' [-Wformat=]
main_cm4.c:418:12: warning: format '%u' expects argument of type 'unsigned int', but argument 4 has type 'uint32_t {aka long unsigned int}' [-Wformat=]
main_cm4.c:418:12: warning: format '%u' expects argument of type 'unsigned int', but argument 5 has type 'uint32_t {aka long unsigned int}' [-Wformat=]
main_cm4.c:418:12: warning: format '%u' expects argument of type 'unsigned int', but argument 6 has type 'uint32_t {aka long unsigned int}' [-Wformat=]
main_cm4.c: In function 'command_start':
main_cm4.c:422:12: warning: format '%u' expects argument of type 'unsigned int', but argument 2 has type 'uint32_t {aka long unsigned int}' [-Wformat=]
     printf("Inside start command with param %u\n", param);
            ^
main_cm4.c:422:12: warning: format '%u' expects argument of type 'unsigned int', but argument 2 has type 'uint32_t {aka long unsigned int}' [-Wformat=]
main_cm4.c: In function 'command_stop':
main_cm4.c:430:12: warning: format '%u' expects argument of type 'unsigned int', but argument 2 has type 'uint32_t {aka long unsigned int}' [-Wformat=]
     printf("Inside command stop with param %u\n", param);
            ^
main_cm4.c:430:12: warning: format '%u' expects argument of type 'unsigned int', but argument 2 has type 'uint32_t {aka long unsigned int}' [-Wformat=]
main_cm4.c: In function 'command_ac_phase_one_curr':
main_cm4.c:528:12: warning: format '%u' expects argument of type 'unsigned int', but argument 2 has type 'uint32_t {aka long unsigned int}' [-Wformat=]
     printf("To vdac: %u\n", vdac_val);
            ^
main_cm4.c:528:12: warning: format '%u' expects argument of type 'unsigned int', but argument 2 has type 'uint32_t {aka long unsigned int}' [-Wformat=]
main_cm4.c: In function 'command_ac_phase_two_curr':
main_cm4.c:551:12: warning: format '%u' expects argument of type 'unsigned int', but argument 2 has type 'uint32_t {aka long unsigned int}' [-Wformat=]
     printf("VDAC: %u\n", vdac_val);
            ^
main_cm4.c:551:12: warning: format '%u' expects argument of type 'unsigned int', but argument 2 has type 'uint32_t {aka long unsigned int}' [-Wformat=]
main_cm4.c: In function 'command_dc_curr_target':
main_cm4.c:584:12: warning: format '%u' expects argument of type 'unsigned int', but argument 3 has type 'uint32_t {aka long unsigned int}' [-Wformat=]
     printf("Curr: %f, vdac: %u\n", curr, vdac_val);
            ^
main_cm4.c:584:12: warning: format '%u' expects argument of type 'unsigned int', but argument 3 has type 'uint32_t {aka long unsigned int}' [-Wformat=]
arm-none-eabi-gcc.exe -Wl,--start-group -o C:\Users\jaspe\Documents\neural_stimulator_firmware_2022\firmware\BLE_DAC\BLE_DAC\NSTIM.cydsn\CortexM4\ARM_GCC_541\Debug\NSTIM_link.elf Generated_Source\PSoC6\pdl\middleware\ble\lib\cy_ble_stack_gcc_host_ipc_cm4.a .\CortexM4\ARM_GCC_541\Debug\startup_psoc6_01_cm4.o .\CortexM4\ARM_GCC_541\Debug\main_cm4.o .\CortexM4\ARM_GCC_541\Debug\system_psoc6_cm4.o .\CortexM4\ARM_GCC_541\Debug\stdio_user.o .\CortexM4\ARM_GCC_541\Debug\cyfitter_sysint_cfg.o .\CortexM4\ARM_GCC_541\Debug\cymetadata.o .\CortexM4\ARM_GCC_541\Debug\UART.o .\CortexM4\ARM_GCC_541\Debug\BLE.o .\CortexM4\ARM_GCC_541\Debug\BLE_config.o .\CortexM4\ARM_GCC_541\Debug\BLE_custom_config.o .\CortexM4\ARM_GCC_541\Debug\VDAC.o .\CortexM4\ARM_GCC_541\Debug\cy_ctb.o .\CortexM4\ARM_GCC_541\Debug\cy_ctdac.o .\CortexM4\ARM_GCC_541\Debug\cy_efuse.o .\CortexM4\ARM_GCC_541\Debug\cy_flash.o .\CortexM4\ARM_GCC_541\Debug\cy_gpio.o .\CortexM4\ARM_GCC_541\Debug\cy_ipc_drv.o .\CortexM4\ARM_GCC_541\Debug\cy_ipc_sema.o .\CortexM4\ARM_GCC_541\Debug\cy_ipc_pipe.o .\CortexM4\ARM_GCC_541\Debug\cy_lvd.o .\CortexM4\ARM_GCC_541\Debug\cy_profile.o .\CortexM4\ARM_GCC_541\Debug\cy_prot.o .\CortexM4\ARM_GCC_541\Debug\cy_scb_common.o .\CortexM4\ARM_GCC_541\Debug\cy_scb_i2c.o .\CortexM4\ARM_GCC_541\Debug\cy_scb_ezi2c.o .\CortexM4\ARM_GCC_541\Debug\cy_scb_spi.o .\CortexM4\ARM_GCC_541\Debug\cy_scb_uart.o .\CortexM4\ARM_GCC_541\Debug\cy_sysanalog.o .\CortexM4\ARM_GCC_541\Debug\cy_sysclk.o .\CortexM4\ARM_GCC_541\Debug\cy_sysint.o .\CortexM4\ARM_GCC_541\Debug\cy_syslib.o .\CortexM4\ARM_GCC_541\Debug\cy_syslib_gcc.o .\CortexM4\ARM_GCC_541\Debug\cy_syspm.o .\CortexM4\ARM_GCC_541\Debug\cy_systick.o .\CortexM4\ARM_GCC_541\Debug\cy_trigmux.o .\CortexM4\ARM_GCC_541\Debug\cy_wdt.o .\CortexM4\ARM_GCC_541\Debug\cy_device.o .\CortexM4\ARM_GCC_541\Debug\cy_sar.o .\CortexM4\ARM_GCC_541\Debug\cy_ble.o .\CortexM4\ARM_GCC_541\Debug\cy_ble_hal_int.o .\CortexM4\ARM_GCC_541\Debug\cy_ble_hal_pvt.o .\CortexM4\ARM_GCC_541\Debug\cy_ble_gap.o .\CortexM4\ARM_GCC_541\Debug\cy_ble_gatt.o .\CortexM4\ARM_GCC_541\Debug\cy_ble_event_handler.o .\CortexM4\ARM_GCC_541\Debug\cy_ble_ancs.o .\CortexM4\ARM_GCC_541\Debug\cy_ble_ans.o .\CortexM4\ARM_GCC_541\Debug\cy_ble_aios.o .\CortexM4\ARM_GCC_541\Debug\cy_ble_bas.o .\CortexM4\ARM_GCC_541\Debug\cy_ble_bcs.o .\CortexM4\ARM_GCC_541\Debug\cy_ble_bls.o .\CortexM4\ARM_GCC_541\Debug\cy_ble_bms.o .\CortexM4\ARM_GCC_541\Debug\cy_ble_bts.o .\CortexM4\ARM_GCC_541\Debug\cy_ble_cgms.o .\CortexM4\ARM_GCC_541\Debug\cy_ble_cps.o .\CortexM4\ARM_GCC_541\Debug\cy_ble_cscs.o .\CortexM4\ARM_GCC_541\Debug\cy_ble_cts.o .\CortexM4\ARM_GCC_541\Debug\cy_ble_custom.o .\CortexM4\ARM_GCC_541\Debug\cy_ble_dis.o .\CortexM4\ARM_GCC_541\Debug\cy_ble_ess.o .\CortexM4\ARM_GCC_541\Debug\cy_ble_gls.o .\CortexM4\ARM_GCC_541\Debug\cy_ble_hids.o .\CortexM4\ARM_GCC_541\Debug\cy_ble_hps.o .\CortexM4\ARM_GCC_541\Debug\cy_ble_hrs.o .\CortexM4\ARM_GCC_541\Debug\cy_ble_hts.o .\CortexM4\ARM_GCC_541\Debug\cy_ble_ias.o .\CortexM4\ARM_GCC_541\Debug\cy_ble_ips.o .\CortexM4\ARM_GCC_541\Debug\cy_ble_lls.o .\CortexM4\ARM_GCC_541\Debug\cy_ble_lns.o .\CortexM4\ARM_GCC_541\Debug\cy_ble_ndcs.o .\CortexM4\ARM_GCC_541\Debug\cy_ble_plxs.o .\CortexM4\ARM_GCC_541\Debug\cy_ble_pass.o .\CortexM4\ARM_GCC_541\Debug\cy_ble_rscs.o .\CortexM4\ARM_GCC_541\Debug\cy_ble_rtus.o .\CortexM4\ARM_GCC_541\Debug\cy_ble_scps.o .\CortexM4\ARM_GCC_541\Debug\cy_ble_tps.o .\CortexM4\ARM_GCC_541\Debug\cy_ble_uds.o .\CortexM4\ARM_GCC_541\Debug\cy_ble_wpts.o .\CortexM4\ARM_GCC_541\Debug\cy_ble_wss.o .\CortexM4\ARM_GCC_541\Debug\cy_ble_clk.o .\CortexM4\ARM_GCC_541\Debug\croutine.o .\CortexM4\ARM_GCC_541\Debug\event_groups.o .\CortexM4\ARM_GCC_541\Debug\list.o .\CortexM4\ARM_GCC_541\Debug\queue.o .\CortexM4\ARM_GCC_541\Debug\tasks.o .\CortexM4\ARM_GCC_541\Debug\timers.o .\CortexM4\ARM_GCC_541\Debug\stream_buffer.o .\CortexM4\ARM_GCC_541\Debug\port.o .\CortexM4\ARM_GCC_541\Debug\heap_4.o .\CortexM4\ARM_GCC_541\Debug\retarget.o .\CortexM4\ARM_GCC_541\Debug\ADC.o .\CortexM4\ARM_GCC_541\Debug\ADC_INT.o .\CortexM4\ARM_GCC_541\Debug\ADC_INIT.o .\CortexM4\ARM_GCC_541\Debug\ADC_PM.o -mcpu=cortex-m4 -mfloat-abi=softfp -mfpu=fpv4-sp-d16 -mthumb -L Generated_Source\PSoC6 -Wl,-Map,.\CortexM4\ARM_GCC_541\Debug/NSTIM.map -T cy8c6xx7_cm4_dual.ld -specs=nano.specs -Wl,--gc-sections -g -ffunction-sections -Og -ffat-lto-objects -Wl,--end-group
"C:\Program Files (x86)\Cypress\PDL\3.1.3\tools\win\elf\cymcuelftool.exe" --sign C:\Users\jaspe\Documents\neural_stimulator_firmware_2022\firmware\BLE_DAC\BLE_DAC\NSTIM.cydsn\CortexM4\ARM_GCC_541\Debug\NSTIM_link.elf --output C:\Users\jaspe\Documents\neural_stimulator_firmware_2022\firmware\BLE_DAC\BLE_DAC\NSTIM.cydsn\CortexM4\ARM_GCC_541\Debug\NSTIM_signed.elf --hex C:\Users\jaspe\Documents\neural_stimulator_firmware_2022\firmware\BLE_DAC\BLE_DAC\NSTIM.cydsn\CortexM4\ARM_GCC_541\Debug\NSTIM_signed.hex
No ELF section .cychecksum found, creating one
Application checksum calculated and stored in ELF section .cychecksum
Checksum calculated and stored in ELF section .cymeta
"C:\Program Files (x86)\Cypress\PDL\3.1.3\tools\win\elf\cymcuelftool.exe" --merge C:\Users\jaspe\Documents\neural_stimulator_firmware_2022\firmware\BLE_DAC\BLE_DAC\NSTIM.cydsn\CortexM4\ARM_GCC_541\Debug\NSTIM_signed.elf C:\Users\jaspe\Documents\neural_stimulator_firmware_2022\firmware\BLE_DAC\BLE_DAC\NSTIM.cydsn\CortexM0p\ARM_GCC_541\Debug\NSTIM.elf --output C:\Users\jaspe\Documents\neural_stimulator_firmware_2022\firmware\BLE_DAC\BLE_DAC\NSTIM.cydsn\CortexM4\ARM_GCC_541\Debug\NSTIM.elf --hex C:\Users\jaspe\Documents\neural_stimulator_firmware_2022\firmware\BLE_DAC\BLE_DAC\NSTIM.cydsn\CortexM4\ARM_GCC_541\Debug\NSTIM.hex
Application checksum calculated and stored in ELF section .cychecksum
Checksum calculated and stored in ELF section .cymeta
"C:\Program Files (x86)\Cypress\PDL\3.1.3\tools\win\elf\cymcuelftool.exe" -A C:\Users\jaspe\Documents\neural_stimulator_firmware_2022\firmware\BLE_DAC\BLE_DAC\NSTIM.cydsn\CortexM4\ARM_GCC_541\Debug\NSTIM.elf
code:220337	sram:66440
--------------- Build Succeeded: 07/20/2022 14:56:16 ---------------
